#! /c/Source/iverilog-install/bin/vvp
:ivl_version "12.0 (devel)" "(s20150603-1539-g2693dd32b)";
:ivl_delay_selection "TYPICAL";
:vpi_time_precision - 12;
:vpi_module "C:\iverilog\lib\ivl\system.vpi";
:vpi_module "C:\iverilog\lib\ivl\vhdl_sys.vpi";
:vpi_module "C:\iverilog\lib\ivl\vhdl_textio.vpi";
:vpi_module "C:\iverilog\lib\ivl\v2005_math.vpi";
:vpi_module "C:\iverilog\lib\ivl\va_math.vpi";
S_0000022c1f50a650 .scope module, "tb_half_adder" "tb_half_adder" 2 3;
 .timescale -9 -12;
v0000022c1f509f40_0 .var "a", 0 0;
v0000022c1f509fe0_0 .var "b", 0 0;
v0000022c1f3b2a40_0 .net "carry", 0 0, L_0000022c1f3b30c0;  1 drivers
v0000022c1f3b2ae0_0 .net "sum", 0 0, L_0000022c1f3e6670;  1 drivers
S_0000022c1f509db0 .scope module, "uut" "half_adder" 2 8, 3 1 0, S_0000022c1f50a650;
 .timescale 0 0;
    .port_info 0 /INPUT 1 "a";
    .port_info 1 /INPUT 1 "b";
    .port_info 2 /OUTPUT 1 "sum";
    .port_info 3 /OUTPUT 1 "carry";
L_0000022c1f3e6670 .functor XOR 1, v0000022c1f509f40_0, v0000022c1f509fe0_0, C4<0>, C4<0>;
L_0000022c1f3b30c0 .functor AND 1, v0000022c1f509f40_0, v0000022c1f509fe0_0, C4<1>, C4<1>;
v0000022c1f50a7e0_0 .net "a", 0 0, v0000022c1f509f40_0;  1 drivers
v0000022c1f3b32e0_0 .net "b", 0 0, v0000022c1f509fe0_0;  1 drivers
v0000022c1f50a3c0_0 .net "carry", 0 0, L_0000022c1f3b30c0;  alias, 1 drivers
v0000022c1f50af10_0 .net "sum", 0 0, L_0000022c1f3e6670;  alias, 1 drivers
    .scope S_0000022c1f50a650;
T_0 ;
    %vpi_call 2 16 "$dumpfile", "half_adder.vcd" {0 0 0};
    %vpi_call 2 17 "$dumpvars", 32'sb00000000000000000000000000000000, S_0000022c1f50a650 {0 0 0};
    %end;
    .thread T_0;
    .scope S_0000022c1f50a650;
T_1 ;
    %vpi_call 2 21 "$display", "A B | Sum Carry" {0 0 0};
    %vpi_call 2 22 "$display", "----------" {0 0 0};
    %pushi/vec4 0, 0, 1;
    %store/vec4 v0000022c1f509f40_0, 0, 1;
    %pushi/vec4 0, 0, 1;
    %store/vec4 v0000022c1f509fe0_0, 0, 1;
    %delay 10000, 0;
    %vpi_call 2 24 "$display", "%b %b |  %b    %b", v0000022c1f509f40_0, v0000022c1f509fe0_0, v0000022c1f3b2ae0_0, v0000022c1f3b2a40_0 {0 0 0};
    %pushi/vec4 0, 0, 1;
    %store/vec4 v0000022c1f509f40_0, 0, 1;
    %pushi/vec4 1, 0, 1;
    %store/vec4 v0000022c1f509fe0_0, 0, 1;
    %delay 10000, 0;
    %vpi_call 2 26 "$display", "%b %b |  %b    %b", v0000022c1f509f40_0, v0000022c1f509fe0_0, v0000022c1f3b2ae0_0, v0000022c1f3b2a40_0 {0 0 0};
    %pushi/vec4 1, 0, 1;
    %store/vec4 v0000022c1f509f40_0, 0, 1;
    %pushi/vec4 0, 0, 1;
    %store/vec4 v0000022c1f509fe0_0, 0, 1;
    %delay 10000, 0;
    %vpi_call 2 28 "$display", "%b %b |  %b    %b", v0000022c1f509f40_0, v0000022c1f509fe0_0, v0000022c1f3b2ae0_0, v0000022c1f3b2a40_0 {0 0 0};
    %pushi/vec4 1, 0, 1;
    %store/vec4 v0000022c1f509f40_0, 0, 1;
    %pushi/vec4 1, 0, 1;
    %store/vec4 v0000022c1f509fe0_0, 0, 1;
    %delay 10000, 0;
    %vpi_call 2 30 "$display", "%b %b |  %b    %b", v0000022c1f509f40_0, v0000022c1f509fe0_0, v0000022c1f3b2ae0_0, v0000022c1f3b2a40_0 {0 0 0};
    %vpi_call 2 31 "$finish" {0 0 0};
    %end;
    .thread T_1;
# The file index is used to find the file name in the following table.
:file_names 4;
    "N/A";
    "<interactive>";
    "tb_half_adder.v";
    "half-adder";
